<?xml version="1.0" encoding="UTF-8"?>
<testng-results ignored="4" total="10" passed="6" failed="0" skipped="0">
  <reporter-output>
  </reporter-output>
  <suite started-at="2025-07-13T15:08:46 IST" name="Suite" finished-at="2025-07-13T15:08:54 IST" duration-ms="8156">
    <groups>
      <group name="regression">
        <method signature="TC1.function1()[pri:0, instance:testCases.TC1@5c8504fd]" name="function1" class="testCases.TC1"/>
        <method signature="TC1.function3()[pri:0, instance:testCases.TC1@5c8504fd]" name="function3" class="testCases.TC1"/>
        <method signature="TC1.function4()[pri:0, instance:testCases.TC1@5c8504fd]" name="function4" class="testCases.TC1"/>
        <method signature="TC2.function1()[pri:0, instance:testCases.TC2@7096b474]" name="function1" class="testCases.TC2"/>
        <method signature="TC2.function3()[pri:0, instance:testCases.TC2@7096b474]" name="function3" class="testCases.TC2"/>
        <method signature="TC2.function4()[pri:0, instance:testCases.TC2@7096b474]" name="function4" class="testCases.TC2"/>
      </group> <!-- regression -->
      <group name="sanity">
        <method signature="TC1.function1()[pri:0, instance:testCases.TC1@5c8504fd]" name="function1" class="testCases.TC1"/>
        <method signature="TC1.function3()[pri:0, instance:testCases.TC1@5c8504fd]" name="function3" class="testCases.TC1"/>
        <method signature="TC2.function1()[pri:0, instance:testCases.TC2@7096b474]" name="function1" class="testCases.TC2"/>
        <method signature="TC2.function3()[pri:0, instance:testCases.TC2@7096b474]" name="function3" class="testCases.TC2"/>
      </group> <!-- sanity -->
      <group name="master">
        <method signature="TC1.function1()[pri:0, instance:testCases.TC1@5c8504fd]" name="function1" class="testCases.TC1"/>
        <method signature="TC2.function1()[pri:0, instance:testCases.TC2@7096b474]" name="function1" class="testCases.TC2"/>
        <method signature="TC2.function4()[pri:0, instance:testCases.TC2@7096b474]" name="function4" class="testCases.TC2"/>
      </group> <!-- master -->
    </groups>
    <test started-at="2025-07-13T15:08:46 IST" name="Test" finished-at="2025-07-13T15:08:54 IST" duration-ms="8156">
      <class name="testCases.TC1">
        <test-method is-config="true" signature="setup(java.lang.String,java.lang.String)[pri:0, instance:testCases.TC1@5c8504fd]" started-at="2025-07-13T15:08:46 IST" name="setup" finished-at="2025-07-13T15:08:51 IST" duration-ms="5197" status="PASS">
          <params>
            <param index="0">
              <value>
                <![CDATA[windows]]>
              </value>
            </param>
            <param index="1">
              <value>
                <![CDATA[chrome]]>
              </value>
            </param>
          </params>
          <reporter-output>
          </reporter-output>
        </test-method> <!-- setup -->
        <test-method signature="function1()[pri:0, instance:testCases.TC1@5c8504fd]" started-at="2025-07-13T15:08:51 IST" name="function1" finished-at="2025-07-13T15:08:52 IST" duration-ms="36" status="PASS">
          <reporter-output>
          </reporter-output>
        </test-method> <!-- function1 -->
        <test-method signature="function3()[pri:0, instance:testCases.TC1@5c8504fd]" started-at="2025-07-13T15:08:52 IST" name="function3" finished-at="2025-07-13T15:08:52 IST" duration-ms="2" status="PASS">
          <reporter-output>
          </reporter-output>
        </test-method> <!-- function3 -->
        <test-method signature="function4()[pri:0, instance:testCases.TC1@5c8504fd]" started-at="2025-07-13T15:08:52 IST" name="function4" finished-at="2025-07-13T15:08:52 IST" duration-ms="1" status="PASS">
          <reporter-output>
          </reporter-output>
        </test-method> <!-- function4 -->
        <test-method is-config="true" signature="tearDown()[pri:0, instance:testCases.TC1@5c8504fd]" started-at="2025-07-13T15:08:52 IST" name="tearDown" finished-at="2025-07-13T15:08:52 IST" duration-ms="199" status="PASS">
          <reporter-output>
          </reporter-output>
        </test-method> <!-- tearDown -->
      </class> <!-- testCases.TC1 -->
      <class name="testCases.TC2">
        <test-method is-config="true" signature="setup(java.lang.String,java.lang.String)[pri:0, instance:testCases.TC2@7096b474]" started-at="2025-07-13T15:08:52 IST" name="setup" finished-at="2025-07-13T15:08:54 IST" duration-ms="2407" status="PASS">
          <params>
            <param index="0">
              <value>
                <![CDATA[windows]]>
              </value>
            </param>
            <param index="1">
              <value>
                <![CDATA[chrome]]>
              </value>
            </param>
          </params>
          <reporter-output>
          </reporter-output>
        </test-method> <!-- setup -->
        <test-method signature="function1()[pri:0, instance:testCases.TC2@7096b474]" started-at="2025-07-13T15:08:54 IST" name="function1" finished-at="2025-07-13T15:08:54 IST" duration-ms="3" status="PASS">
          <reporter-output>
          </reporter-output>
        </test-method> <!-- function1 -->
        <test-method signature="function3()[pri:0, instance:testCases.TC2@7096b474]" started-at="2025-07-13T15:08:54 IST" name="function3" finished-at="2025-07-13T15:08:54 IST" duration-ms="3" status="PASS">
          <reporter-output>
          </reporter-output>
        </test-method> <!-- function3 -->
        <test-method signature="function4()[pri:0, instance:testCases.TC2@7096b474]" started-at="2025-07-13T15:08:54 IST" name="function4" finished-at="2025-07-13T15:08:54 IST" duration-ms="2" status="PASS">
          <reporter-output>
          </reporter-output>
        </test-method> <!-- function4 -->
        <test-method is-config="true" signature="tearDown()[pri:0, instance:testCases.TC2@7096b474]" started-at="2025-07-13T15:08:54 IST" name="tearDown" finished-at="2025-07-13T15:08:54 IST" duration-ms="198" status="PASS">
          <reporter-output>
          </reporter-output>
        </test-method> <!-- tearDown -->
      </class> <!-- testCases.TC2 -->
    </test> <!-- Test -->
  </suite> <!-- Suite -->
</testng-results>
