<?xml version="1.0" encoding="UTF-8"?>
<!-- Generated by org.testng.reporters.JUnitXMLReporter -->
<testsuite ignored="4" hostname="INPU1WHP6169500" failures="0" tests="6" name="Test" time="10.469" errors="0" timestamp="2025-07-13T13:18:46 IST">
  <testcase classname="testCases.TC1" name="function1" time="0.033"/>
  <testcase classname="testCases.TC1" name="function3" time="0.002"/>
  <testcase classname="testCases.TC1" name="function4" time="0.001"/>
  <testcase classname="testCases.TC2" name="function1" time="0.003"/>
  <testcase classname="testCases.TC2" name="function3" time="0.002"/>
  <testcase classname="testCases.TC2" name="function4" time="0.002"/>
  <testcase classname="testCases.TC1" name="function2" time="0.0">
    <ignored/>
  </testcase> <!-- function2 -->
  <testcase classname="testCases.TC2" name="function2" time="0.0">
    <ignored/>
  </testcase> <!-- function2 -->
  <testcase classname="testCases.TC2" name="function5" time="0.0">
    <ignored/>
  </testcase> <!-- function5 -->
  <testcase classname="testCases.TC1" name="function5" time="0.0">
    <ignored/>
  </testcase> <!-- function5 -->
</testsuite> <!-- Test -->
